<?xml version="1.0" encoding="UTF-8"?>
<testsuite name="RoverTest" tests="21" skipped="0" failures="0" errors="0" timestamp="2016-01-13T13:43:37" hostname="ben-K40AB" time="0.128">
  <properties/>
  <testcase name="shoule_return_same_location_when_use_init" classname="RoverTest" time="0.044"/>
  <testcase name="shoule_return_12N_orietation_when_init_11N_and_takeOrder_M" classname="RoverTest" time="0.002"/>
  <testcase name="shoule_return_12E_orietation_when_init_11N_and_takeOrder_RM" classname="RoverTest" time="0.002"/>
  <testcase name="shoule_return_51S_orietation_when_init_51S_and_takeOrder_M" classname="RoverTest" time="0.002"/>
  <testcase name="shoule_return_eror_when_roverArgs_three_args" classname="RoverTest" time="0.001"/>
  <testcase name="shoule_return_eror_when_roverArgs_null" classname="RoverTest" time="0.003"/>
  <testcase name="shoule_return_51E_orietation_when_init_51E_and_takeOrder_M" classname="RoverTest" time="0.002"/>
  <testcase name="shoule_return_11N_orietation_when_init_11N_and_takeOrder_LM" classname="RoverTest" time="0.004"/>
  <testcase name="shoule_return_eror_when_take_orders_contain_not_LRM_order" classname="RoverTest" time="0.003"/>
  <testcase name="shoule_return_eror_when_roverArgs_contain_apphabet" classname="RoverTest" time="0.001"/>
  <testcase name="shoule_return_11N_orietation_when_init_11N_and_takeOrder_LRLR" classname="RoverTest" time="0.001"/>
  <testcase name="shoule_return_S_orietation_when_init_11E_and_takeOrder_R" classname="RoverTest" time="0.0"/>
  <testcase name="shoule_return_W_orietation_when_takeOrder_L" classname="RoverTest" time="0.001"/>
  <testcase name="shoule_return_eror_when_init_four_args" classname="RoverTest" time="0.001"/>
  <testcase name="shoule_return_eror_when_init_null" classname="RoverTest" time="0.0"/>
  <testcase name="shoule_return_22N_orietation_when_init_11N_and_takeOrder_RMLRLM" classname="RoverTest" time="0.002"/>
  <testcase name="shoule_return_eror_when_init_one_args" classname="RoverTest" time="0.01"/>
  <testcase name="shoule_return_15N_orietation_when_init_15N_and_takeOrder_M" classname="RoverTest" time="0.001"/>
  <testcase name="shoule_return_E_orietation_when_takeOrder_L" classname="RoverTest" time="0.004"/>
  <testcase name="shoule_return_eror_when_take_null_orders" classname="RoverTest" time="0.001"/>
  <testcase name="shoule_return_eror_when_roverArgs_one_args" classname="RoverTest" time="0.001"/>
  <system-out><![CDATA[]]></system-out>
  <system-err><![CDATA[]]></system-err>
</testsuite>
