<?xml version="1.0" encoding="UTF-8"?>
<testsuite name="RoverTest" tests="2" skipped="0" failures="0" errors="0" timestamp="2016-01-13T05:25:54" hostname="ben-K40AB" time="0.02">
  <properties/>
  <testcase name="shoule_return_same_location_when_use_init" classname="RoverTest" time="0.017"/>
  <testcase name="shoule_return_W_orietation_when_takeOrder_L" classname="RoverTest" time="0.002"/>
  <system-out><![CDATA[]]></system-out>
  <system-err><![CDATA[]]></system-err>
</testsuite>
